<?xml version="1.0" encoding="UTF-8"?>
<!-- Generated by org.testng.reporters.JUnitXMLReporter -->
<testsuite hostname="My_PC" ignored="0" name="TestQuickFuseApps" tests="1" failures="0" timestamp="06 Feb 2019 17:58:57 GMT" time="0.032" errors="0">
  <testcase name="@BeforeSuite launchBrowser" time="0.0" classname="support.BaseTest">
    <failure type="org.testng.TestNGException" message="
Parameter &amp;apos;browser&amp;apos; is required by BeforeSuite on method launchBrowser but has not been marked @Optional or defined
in E:\Personal\Work\automation_workspace\plivo_test_suite\testng.xml">
      <![CDATA[org.testng.TestNGException: 
Parameter 'browser' is required by BeforeSuite on method launchBrowser but has not been marked @Optional or defined
in E:\Personal\Work\automation_workspace\plivo_test_suite\testng.xml
... Removed 17 stack frames]]>
    </failure>
  </testcase> <!-- @BeforeSuite launchBrowser -->
  <testcase name="selectCreateApp" time="0.0" classname="tests.FuseAppTest">
    <skipped/>
  </testcase> <!-- selectCreateApp -->
</testsuite> <!-- TestQuickFuseApps -->
